<?xml version="1.0" encoding="UTF-8"?>
<!-- Generated by org.testng.reporters.JUnitReportReporter -->
<testsuite skipped="0" hostname="DESKTOP-GSE3O5J" name="TestPOSTDELGoogle" tests="1" failures="0" timestamp="22 May 2019 05:26:39 GMT" time="5.793" errors="0">
  <testcase name="addDelPlace" time="5.793" classname="TestPOSTDELGoogle"/>
</testsuite> <!-- TestPOSTDELGoogle -->
